app/build/intermediates/manifest_merge_blame_file/debug/manifest-merger-blame-debug-report.txt
1<?xml version="1.0" encoding="utf-8"?>
2<manifest xmlns:android="http://schemas.android.com/apk/res/android"
3    package="com.amelia.customercare"
4    android:versionCode="2"
5    android:versionName="2.1" >
6
7    <uses-sdk
8        android:minSdkVersion="21"
8-->src\main\AndroidManifest.xml
9        android:targetSdkVersion="26" />
9-->src\main\AndroidManifest.xml
10
11    <uses-permission android:name="android.permission.CAMERA" />
11-->src\main\AndroidManifest.xml:22:5-65
11-->src\main\AndroidManifest.xml:22:22-62
12    <uses-permission android:name="android.permission.RECORD_AUDIO" />
12-->src\main\AndroidManifest.xml:23:5-71
12-->src\main\AndroidManifest.xml:23:22-68
13    <uses-permission android:name="android.permission.MODIFY_AUDIO_SETTINGS" />
13-->src\main\AndroidManifest.xml:24:5-80
13-->src\main\AndroidManifest.xml:24:22-77
14
15    <uses-feature android:name="android.hardware.camera" />
15-->src\main\AndroidManifest.xml:26:5-60
15-->src\main\AndroidManifest.xml:26:19-57
16    <uses-feature android:name="android.hardware.camera.full" />
16-->src\main\AndroidManifest.xml:27:5-65
16-->src\main\AndroidManifest.xml:27:19-62
17
18    <uses-permission android:name="android.permission.INTERNET" />
18-->src\main\AndroidManifest.xml:28:5-67
18-->src\main\AndroidManifest.xml:28:22-64
19    <uses-permission android:name="android.webkit.PermissionRequest" />
19-->src\main\AndroidManifest.xml:29:5-72
19-->src\main\AndroidManifest.xml:29:22-69
20
21    <application
21-->src\main\AndroidManifest.xml:5:5-21:19
22        android:allowBackup="true"
22-->src\main\AndroidManifest.xml:6:9-35
23        android:debuggable="true"
24        android:icon="@mipmap/ic_launcher"
24-->src\main\AndroidManifest.xml:7:9-43
25        android:label="@string/app_name"
25-->src\main\AndroidManifest.xml:8:9-41
26        android:roundIcon="@mipmap/ic_launcher_round"
26-->src\main\AndroidManifest.xml:9:9-54
27        android:supportsRtl="true"
27-->src\main\AndroidManifest.xml:10:9-35
28        android:testOnly="true"
29        android:theme="@style/AppTheme" >
29-->src\main\AndroidManifest.xml:11:9-40
30        <activity
30-->src\main\AndroidManifest.xml:12:9-20:20
31            android:name="com.amelia.customercare.MainActivity"
31-->src\main\AndroidManifest.xml:13:13-41
32            android:label="@string/app_name"
32-->src\main\AndroidManifest.xml:14:13-45
33            android:screenOrientation="landscape" >
33-->src\main\AndroidManifest.xml:15:13-50
34            <intent-filter>
34-->src\main\AndroidManifest.xml:16:13-19:29
35                <action android:name="android.intent.action.MAIN" />
35-->src\main\AndroidManifest.xml:17:17-69
35-->src\main\AndroidManifest.xml:17:25-66
36
37                <category android:name="android.intent.category.LAUNCHER" />
37-->src\main\AndroidManifest.xml:18:17-77
37-->src\main\AndroidManifest.xml:18:27-74
38            </intent-filter>
39        </activity>
40
41        <meta-data
41-->[com.android.support:design:26.1.0] AndroidManifest.xml:26:9-28:38
42            android:name="android.support.VERSION"
42-->[com.android.support:design:26.1.0] AndroidManifest.xml:27:13-51
43            android:value="26.1.0" />
43-->[com.android.support:design:26.1.0] AndroidManifest.xml:28:13-35
44        <meta-data
44-->[android.arch.lifecycle:runtime:1.0.0] AndroidManifest.xml:25:9-27:47
45            android:name="android.arch.lifecycle.VERSION"
45-->[android.arch.lifecycle:runtime:1.0.0] AndroidManifest.xml:26:13-58
46            android:value="27.0.0-SNAPSHOT" />
46-->[android.arch.lifecycle:runtime:1.0.0] AndroidManifest.xml:27:13-44
47    </application>
48
49</manifest>